<?xml version="1.0" encoding="UTF-8"?>
<!-- Generated by org.testng.reporters.JUnitReportReporter -->
<testsuite skipped="0" hostname="qaplanet25" name="selenium.maven.Testdemo" tests="1" failures="0" timestamp="20 Sep 2017 11:49:56 GMT" time="8.431" errors="0">
  <testcase name="f" time="8.431" classname="selenium.maven.Testdemo"/>
</testsuite> <!-- selenium.maven.Testdemo -->
