<?xml version="1.0" encoding="UTF-8"?>
<!-- Generated by org.testng.reporters.JUnitReportReporter -->
<testsuite skipped="0" hostname="qaplanet25" name="selenium.maven.NewTest" tests="1" failures="0" timestamp="20 Sep 2017 11:47:30 GMT" time="33.901" errors="0">
  <testcase name="f" time="33.901" classname="selenium.maven.NewTest"/>
</testsuite> <!-- selenium.maven.NewTest -->
